
Archivo Rechazado: CNACI@JCI_Nro.100. Motivo: Archivo vacio.
Archivo Rechazado: CNACI@JCO_Nro.12_SecNro.120. Motivo: Tipo de archivo invalido.
Archivo Rechazado: CNACO@JCI_Nro.100. Motivo: Tipo de archivo invalido.



Archivo Rechazado: CNACI@JCI_Nro.100. Motivo: Archivo vacio.
Archivo Rechazado: CNACI@JCO_Nro.12_SecNro.120. Motivo: Tipo de archivo invalido.
Archivo Rechazado: CNACO@CO_Nro.12_SecNro.120. Motivo: Tribunal inexistente
Archivo Rechazado: CNACO@JCI_Nro.100. Motivo: Tipo de archivo invalido.
Archivo Rechazado: CNACO@JCO_Nro.12_SecNro.12. Motivo: Tribunal inexistente
Archivo Rechazado: NACO@JCO_Nro.12_SecNro.120. Motivo: Cámara inexistente



Archivo Rechazado: ADASDW_16713132. Motivo: Tipo de archivo invalido.
Archivo Rechazado: CNACI@JCI_Nro.100. Motivo: Archivo vacio.
Archivo Rechazado: CNACI@JCO_Nro.12_SecNro.120. Motivo: Tipo de archivo invalido.
Archivo Rechazado: CNACO@CO_Nro.12_SecNro.120. Motivo: Tribunal inexistente
Archivo Rechazado: CNACO@JCI_Nro.100. Motivo: Tipo de archivo invalido.
Archivo Rechazado: CNACO@JCO_Nro.12_SecNro.12. Motivo: Tribunal inexistente
Archivo Rechazado: NACO@JCO_Nro.12_SecNro.120. Motivo: Cámara inexistente



Archivo Rechazado: ADASDW_16713132. Motivo: Tipo de archivo invalido.
Archivo Rechazado: CNACI@JCI_Nro.100. Motivo: Archivo vacio.
Archivo Rechazado: CNACI@JCO_Nro.12_SecNro.120. Motivo: Tipo de archivo invalido.
Archivo Rechazado: CNACO@CO_Nro.12_SecNro.120. Motivo: Tribunal inexistente
Archivo Rechazado: CNACO@JCI_Nro.100. Motivo: Tipo de archivo invalido.
Archivo Rechazado: CNACO@JCO_Nro.12_SecNro.12. Motivo: Tribunal inexistente
Archivo Rechazado: HSBC_20141014. Motivo: Archivo vacio.
Archivo Rechazado: NACO@JCO_Nro.12_SecNro.120. Motivo: Cámara inexistente



Archivo Rechazado: ADASDW_16713132. Motivo: Tipo de archivo invalido.
Archivo Rechazado: CNACI@JCI_Nro.100. Motivo: Archivo vacio.
Archivo Rechazado: CNACI@JCO_Nro.12_SecNro.120. Motivo: Tipo de archivo invalido.
Archivo Rechazado: CNACO@CO_Nro.12_SecNro.120. Motivo: Tribunal inexistente
Archivo Rechazado: CNACO@JCI_Nro.100. Motivo: Tipo de archivo invalido.
Archivo Rechazado: CNACO@JCO_Nro.12_SecNro.12. Motivo: Tribunal inexistente
Archivo Rechazado: HSBC_20141014. Motivo: Archivo vacio.
Archivo Rechazado: NACO@JCO_Nro.12_SecNro.120. Motivo: Cámara inexistente



Archivo Rechazado: ADASDW_16713132. Motivo: Tipo de archivo invalido.
Archivo Rechazado: CNACI@JCI_Nro.100. Motivo: Archivo vacio.
Archivo Rechazado: CNACI@JCO_Nro.12_SecNro.120. Motivo: Tipo de archivo invalido.
Archivo Rechazado: CNACO@CO_Nro.12_SecNro.120. Motivo: Tribunal inexistente
Archivo Rechazado: CNACO@JCI_Nro.100. Motivo: Tipo de archivo invalido.
Archivo Rechazado: CNACO@JCO_Nro.12_SecNro.12. Motivo: Tribunal inexistente
Archivo Rechazado: HSBC_20141013. Motivo: Entidad inexistente
Archivo Rechazado: HSBC_20141014. Motivo: Archivo vacio.
Archivo Rechazado: NACO@JCO_Nro.12_SecNro.120. Motivo: Cámara inexistente



Archivo Rechazado: ADASDW_16713132. Motivo: Tipo de archivo invalido.
Archivo Rechazado: CNACI@JCI_Nro.100. Motivo: Archivo vacio.
Archivo Rechazado: CNACI@JCO_Nro.12_SecNro.120. Motivo: Tipo de archivo invalido.
Archivo Rechazado: CNACO@CO_Nro.12_SecNro.120. Motivo: Tribunal inexistente
Archivo Rechazado: CNACO@JCI_Nro.100. Motivo: Tipo de archivo invalido.
Archivo Rechazado: CNACO@JCO_Nro.12_SecNro.12. Motivo: Tribunal inexistente
Archivo Rechazado: HSB_20141013. Motivo: Entidad inexistente
Archivo Rechazado: HSBC_20141014. Motivo: Archivo vacio.
Archivo Rechazado: NACO@JCO_Nro.12_SecNro.120. Motivo: Cámara inexistente
Archivo Rechazado: SBC_20141013. Motivo: Entidad inexistente



Archivo Rechazado: ADASDW_16713132. Motivo: Tipo de archivo invalido.
Archivo Rechazado: CNACI@JCI_Nro.100. Motivo: Archivo vacio.
Archivo Rechazado: CNACI@JCO_Nro.12_SecNro.120. Motivo: Tipo de archivo invalido.
Archivo Rechazado: CNACO@CO_Nro.12_SecNro.120. Motivo: Tribunal inexistente.
Archivo Rechazado: CNACO@JCI_Nro.100. Motivo: Tipo de archivo invalido.
Archivo Rechazado: CNACO@JCO_Nro.12_SecNro.12. Motivo: Tribunal inexistente.
Archivo Rechazado: HSB_20141013. Motivo: Entidad inexistente.
Archivo Rechazado: HSBC_20141013. Motivo: La fecha del archivo es mayor a hoy.
Archivo Rechazado: HSBC_20141014. Motivo: Archivo vacio.
Archivo Rechazado: NACO@JCO_Nro.12_SecNro.120. Motivo: Cámara inexistente.
Archivo Rechazado: SBC_20141013. Motivo: Entidad inexistente.



Archivo Rechazado: ADASDW_16713132. Motivo: Tipo de archivo invalido.
Archivo Rechazado: CNACI@JCI_Nro.100. Motivo: Archivo vacio.
Archivo Rechazado: CNACI@JCO_Nro.12_SecNro.120. Motivo: Tipo de archivo invalido.
Archivo Rechazado: CNACO@CO_Nro.12_SecNro.120. Motivo: Tribunal inexistente.
Archivo Rechazado: CNACO@JCI_Nro.100. Motivo: Tipo de archivo invalido.
Archivo Rechazado: CNACO@JCO_Nro.12_SecNro.12. Motivo: Tribunal inexistente.
Archivo Rechazado: HSB_20141013. Motivo: Entidad inexistente.
Archivo Rechazado: HSBC_1234. Motivo: El nombre del archivo es invalido
Archivo Rechazado: HSBC_123456789. Motivo: El nombre del archivo es invalido
Archivo Rechazado: HSBC_20140911. Motivo: La fecha del archivo es muy vieja.
Archivo Rechazado: HSBC_20141013. Motivo: La fecha del archivo es mayor a hoy.
Archivo Rechazado: HSBC_20141014. Motivo: Archivo vacio.
Archivo Rechazado: HSBC_20141014~. Motivo: El nombre del archivo es invalido
Archivo Rechazado: HSBC_201411411. Motivo: El nombre del archivo es invalido
Archivo Rechazado: HSBC_20141232. Motivo: Fecha invalida.
Archivo Rechazado: HSBC_20142135. Motivo: Fecha invalida.
Archivo Rechazado: NACO@JCO_Nro.12_SecNro.120. Motivo: Cámara inexistente.
Archivo Rechazado: SBC_20141013. Motivo: Entidad inexistente.



Archivo Rechazado: ADASDW_16713132. Motivo: Tipo de archivo invalido.
Archivo Rechazado: CNACI@JCI_Nro.100. Motivo: Archivo vacio.
Archivo Rechazado: CNACI@JCO_Nro.12_SecNro.120. Motivo: Tipo de archivo invalido.
Archivo Rechazado: CNACO@CO_Nro.12_SecNro.120. Motivo: Tribunal inexistente.
Archivo Rechazado: CNACO@JCI_Nro.100. Motivo: Tipo de archivo invalido.
Archivo Rechazado: CNACO@JCO_Nro.12_SecNro.12. Motivo: Tribunal inexistente.
Archivo Rechazado: HSB_20141013. Motivo: Entidad inexistente.
Archivo Rechazado: HSBC_1234. Motivo: El nombre del archivo es invalido
Archivo Rechazado: HSBC_12345678. Motivo: Fecha invalida.
Archivo Rechazado: HSBC_20140911. Motivo: La fecha del archivo es muy vieja.
Archivo Rechazado: HSBC_20141013. Motivo: La fecha del archivo es mayor a hoy.
Archivo Rechazado: HSBC_20141014. Motivo: Archivo vacio.
Archivo Rechazado: HSBC_20141014~. Motivo: El nombre del archivo es invalido
Archivo Rechazado: HSBC_201411411. Motivo: El nombre del archivo es invalido
Archivo Rechazado: HSBC_20141232. Motivo: Fecha invalida.
Archivo Rechazado: HSBC_20142135. Motivo: Fecha invalida.
Archivo Rechazado: NACO@JCO_Nro.12_SecNro.120. Motivo: Cámara inexistente.
Archivo Rechazado: SBC_20141013. Motivo: Entidad inexistente.



Archivo Rechazado: ADASDW_16713132. Motivo: Tipo de archivo invalido.
Archivo Rechazado: CNACI@JCI_Nro.100. Motivo: Archivo vacio.
Archivo Rechazado: CNACI@JCO_Nro.12_SecNro.120. Motivo: Tipo de archivo invalido.
Archivo Rechazado: CNACO@CO_Nro.12_SecNro.120. Motivo: Tribunal inexistente.
Archivo Rechazado: CNACO@JCI_Nro.100. Motivo: Tipo de archivo invalido.
Archivo Rechazado: CNACO@JCO_Nro.12_SecNro.12. Motivo: Tribunal inexistente.
Archivo de Expedientes aceptado: CNACO@JCO_Nro.12_SecNro.120
Archivo Rechazado: HSB_20141013. Motivo: Entidad inexistente.
Archivo Rechazado: HSBC_1234. Motivo: El nombre del archivo es invalido
Archivo Rechazado: HSBC_12345678. Motivo: Fecha invalida.
Archivo Rechazado: HSBC_20140911. Motivo: La fecha del archivo es muy vieja.
Archivo de Saldos aceptado: HSBC_20141008
Archivo Rechazado: HSBC_20141013. Motivo: La fecha del archivo es mayor a hoy.
Archivo Rechazado: HSBC_20141014. Motivo: Archivo vacio.
Archivo Rechazado: HSBC_20141014~. Motivo: El nombre del archivo es invalido
Archivo Rechazado: HSBC_201411411. Motivo: El nombre del archivo es invalido
Archivo Rechazado: HSBC_20141232. Motivo: Fecha invalida.
Archivo Rechazado: HSBC_20142135. Motivo: Fecha invalida.
Archivo Rechazado: NACO@JCO_Nro.12_SecNro.120. Motivo: Cámara inexistente.
Archivo Rechazado: SBC_20141013. Motivo: Entidad inexistente.



No hay archivos de novedades



Archivo Rechazado: ADASDW_16713132. Motivo: Tipo de archivo invalido.
Archivo Rechazado: CNACI@JCI_Nro.100. Motivo: Archivo vacio.
Archivo Rechazado: CNACI@JCO_Nro.12_SecNro.120. Motivo: Tipo de archivo invalido.
Archivo Rechazado: CNACO@CO_Nro.12_SecNro.120. Motivo: Tribunal inexistente.
Archivo Rechazado: CNACO@JCI_Nro.100. Motivo: Tipo de archivo invalido.
Archivo Rechazado: CNACO@JCO_Nro.12_SecNro.12. Motivo: Tribunal inexistente.
Archivo de Expedientes aceptado: CNACO@JCO_Nro.12_SecNro.120
Archivo Rechazado: HSB_20141013. Motivo: Entidad inexistente.
Archivo Rechazado: HSBC_1234. Motivo: El nombre del archivo es invalido
Archivo Rechazado: HSBC_12345678. Motivo: Fecha invalida.
Archivo Rechazado: HSBC_20140911. Motivo: La fecha del archivo es muy vieja.
Archivo de Saldos aceptado: HSBC_20141008
Archivo Rechazado: HSBC_20141013. Motivo: La fecha del archivo es mayor a hoy.
Archivo Rechazado: HSBC_20141014. Motivo: Archivo vacio.
Archivo Rechazado: HSBC_201411411. Motivo: El nombre del archivo es invalido
Archivo Rechazado: HSBC_20141232. Motivo: Fecha invalida.
Archivo Rechazado: HSBC_20142135. Motivo: Fecha invalida.
Archivo Rechazado: NACO@JCO_Nro.12_SecNro.120. Motivo: Cámara inexistente.
Archivo Rechazado: SBC_20141013. Motivo: Entidad inexistente.



No hay archivos de novedades



No hay archivos de novedades



No hay archivos de novedades



No hay archivos de novedades
FSOLDES corriendo bajo el número: 9526



No hay archivos de novedades
FSOLDES corriendo bajo el número: 9539



No hay archivos de novedades
FSOLDES corriendo bajo el número: 9551



No hay archivos de novedades
FSOLDES corriendo bajo el número: 9562



No hay archivos de novedades
FSOLDES corriendo bajo el número: 9573



No hay archivos de novedades
FSOLDES corriendo bajo el número: 9585



No hay archivos de novedades
FSOLDES corriendo bajo el número: 9601



No hay archivos de novedades
FSOLDES corriendo bajo el número: 9614



No hay archivos de novedades
FSOLDES corriendo bajo el número: 9628



No hay archivos de novedades
FSOLDES corriendo bajo el número: 9643



No hay archivos de novedades
FSOLDES corriendo bajo el número: 9659



No hay archivos de novedades
FSOLDES corriendo bajo el número: 9676



